Temp/gradleOut/build/outputs/logs/manifest-merger-release-report.txt
-- Merging decision tree log ---
manifest
ADDED from src/main/AndroidManifest.xml:2:1-28:12
INJECTED from src/main/AndroidManifest.xml:2:1-28:12
INJECTED from src/main/AndroidManifest.xml:2:1-28:12
INJECTED from src/main/AndroidManifest.xml:2:1-28:12
INJECTED from src/main/AndroidManifest.xml:2:1-28:12
INJECTED from src/main/AndroidManifest.xml:2:1-28:12
INJECTED from src/main/AndroidManifest.xml:2:1-28:12
	package
		ADDED from src/main/AndroidManifest.xml:2:70-102
		INJECTED from src/main/AndroidManifest.xml
		INJECTED from src/main/AndroidManifest.xml
	android:versionName
		ADDED from src/main/AndroidManifest.xml:2:103-128
		INJECTED from src/main/AndroidManifest.xml
		INJECTED from src/main/AndroidManifest.xml
	xmlns:android
		ADDED from src/main/AndroidManifest.xml:2:11-69
	android:versionCode
		ADDED from src/main/AndroidManifest.xml:2:129-152
		INJECTED from src/main/AndroidManifest.xml
		INJECTED from src/main/AndroidManifest.xml
	android:installLocation
		ADDED from src/main/AndroidManifest.xml:2:153-193
supports-screens
ADDED from src/main/AndroidManifest.xml:3:3-163
	android:largeScreens
		ADDED from src/main/AndroidManifest.xml:3:78-105
	android:smallScreens
		ADDED from src/main/AndroidManifest.xml:3:21-48
	android:normalScreens
		ADDED from src/main/AndroidManifest.xml:3:49-77
	android:xlargeScreens
		ADDED from src/main/AndroidManifest.xml:3:106-134
	android:anyDensity
		ADDED from src/main/AndroidManifest.xml:3:135-160
application
ADDED from src/main/AndroidManifest.xml:4:3-18:17
	android:label
		ADDED from src/main/AndroidManifest.xml:4:75-107
	android:icon
		ADDED from src/main/AndroidManifest.xml:4:168-199
	android:banner
		ADDED from src/main/AndroidManifest.xml:4:130-167
	android:theme
		ADDED from src/main/AndroidManifest.xml:4:16-74
	android:isGame
		ADDED from src/main/AndroidManifest.xml:4:108-129
activity#com.unity3d.player.UnityPlayerActivity
ADDED from src/main/AndroidManifest.xml:5:5-13:16
	android:screenOrientation
		ADDED from src/main/AndroidManifest.xml:5:102-145
	android:label
		ADDED from src/main/AndroidManifest.xml:5:69-101
	android:launchMode
		ADDED from src/main/AndroidManifest.xml:5:146-177
	android:hardwareAccelerated
		ADDED from src/main/AndroidManifest.xml:5:360-395
	android:configChanges
		ADDED from src/main/AndroidManifest.xml:5:178-359
	android:name
		ADDED from src/main/AndroidManifest.xml:5:15-68
intent-filter#action:name:android.intent.action.MAIN+category:name:android.intent.category.LAUNCHER+category:name:android.intent.category.LEANBACK_LAUNCHER
ADDED from src/main/AndroidManifest.xml:6:7-10:23
action#android.intent.action.MAIN
ADDED from src/main/AndroidManifest.xml:7:9-61
	android:name
		ADDED from src/main/AndroidManifest.xml:7:17-58
category#android.intent.category.LAUNCHER
ADDED from src/main/AndroidManifest.xml:8:9-69
	android:name
		ADDED from src/main/AndroidManifest.xml:8:19-66
category#android.intent.category.LEANBACK_LAUNCHER
ADDED from src/main/AndroidManifest.xml:9:9-78
	android:name
		ADDED from src/main/AndroidManifest.xml:9:19-75
meta-data#unityplayer.UnityActivity
ADDED from src/main/AndroidManifest.xml:11:7-82
	android:value
		ADDED from src/main/AndroidManifest.xml:11:59-79
	android:name
		ADDED from src/main/AndroidManifest.xml:11:18-58
meta-data#android.notch_support
ADDED from src/main/AndroidManifest.xml:12:7-78
	android:value
		ADDED from src/main/AndroidManifest.xml:12:55-75
	android:name
		ADDED from src/main/AndroidManifest.xml:12:18-54
meta-data#unity.build-id
ADDED from src/main/AndroidManifest.xml:14:5-101
	android:value
		ADDED from src/main/AndroidManifest.xml:14:46-98
	android:name
		ADDED from src/main/AndroidManifest.xml:14:16-45
meta-data#unity.splash-mode
ADDED from src/main/AndroidManifest.xml:15:5-69
	android:value
		ADDED from src/main/AndroidManifest.xml:15:49-66
	android:name
		ADDED from src/main/AndroidManifest.xml:15:16-48
meta-data#unity.splash-enable
ADDED from src/main/AndroidManifest.xml:16:5-74
	android:value
		ADDED from src/main/AndroidManifest.xml:16:51-71
	android:name
		ADDED from src/main/AndroidManifest.xml:16:16-50
meta-data#notch.config
ADDED from src/main/AndroidManifest.xml:17:5-81
	android:value
		ADDED from src/main/AndroidManifest.xml:17:44-78
	android:name
		ADDED from src/main/AndroidManifest.xml:17:16-43
uses-sdk
ADDED from src/main/AndroidManifest.xml:19:3-71
INJECTED from src/main/AndroidManifest.xml:19:3-71
INJECTED from src/main/AndroidManifest.xml:19:3-71
INJECTED from src/main/AndroidManifest.xml:19:3-71
INJECTED from src/main/AndroidManifest.xml:19:3-71
	android:targetSdkVersion
		ADDED from src/main/AndroidManifest.xml:19:39-68
		INJECTED from src/main/AndroidManifest.xml
		INJECTED from src/main/AndroidManifest.xml
	android:minSdkVersion
		ADDED from src/main/AndroidManifest.xml:19:13-38
		INJECTED from src/main/AndroidManifest.xml
		INJECTED from src/main/AndroidManifest.xml
uses-feature#0x00020000
ADDED from src/main/AndroidManifest.xml:20:3-52
	android:glEsVersion
		ADDED from src/main/AndroidManifest.xml:20:17-49
uses-feature#android.hardware.touchscreen
ADDED from src/main/AndroidManifest.xml:21:3-88
	android:required
		ADDED from src/main/AndroidManifest.xml:21:61-85
	android:name
		ADDED from src/main/AndroidManifest.xml:21:17-60
uses-feature#android.hardware.touchscreen.multitouch
ADDED from src/main/AndroidManifest.xml:22:3-99
	android:required
		ADDED from src/main/AndroidManifest.xml:22:72-96
	android:name
		ADDED from src/main/AndroidManifest.xml:22:17-71
uses-feature#android.hardware.touchscreen.multitouch.distinct
ADDED from src/main/AndroidManifest.xml:23:3-108
	android:required
		ADDED from src/main/AndroidManifest.xml:23:81-105
	android:name
		ADDED from src/main/AndroidManifest.xml:23:17-80
uses-permission#android.permission.INTERNET
ADDED from src/main/AndroidManifest.xml:24:3-65
	android:name
		ADDED from src/main/AndroidManifest.xml:24:20-62
uses-permission#android.permission.ACCESS_NETWORK_STATE
ADDED from src/main/AndroidManifest.xml:25:3-77
	android:name
		ADDED from src/main/AndroidManifest.xml:25:20-74
uses-permission#android.permission.ACCESS_WIFI_STATE
ADDED from src/main/AndroidManifest.xml:26:3-74
	android:name
		ADDED from src/main/AndroidManifest.xml:26:20-71
uses-permission#com.android.vending.BILLING
ADDED from src/main/AndroidManifest.xml:27:3-65
	android:name
		ADDED from src/main/AndroidManifest.xml:27:20-62